2024/07/14 19:57:08 [notice] 1#1: using the "epoll" event method
2024/07/14 19:57:08 [notice] 1#1: nginx/1.27.0
2024/07/14 19:57:08 [notice] 1#1: built by gcc 12.2.0 (Debian 12.2.0-14) 
2024/07/14 19:57:08 [notice] 1#1: OS: Linux 6.4.16-linuxkit
2024/07/14 19:57:08 [notice] 1#1: getrlimit(RLIMIT_NOFILE): 1048576:1048576
2024/07/14 19:57:08 [notice] 1#1: start worker processes
2024/07/14 19:57:08 [notice] 1#1: start worker process 7
2024/07/14 19:57:08 [notice] 1#1: start worker process 8
2024/07/14 19:57:08 [notice] 1#1: start worker process 9
2024/07/14 19:57:08 [notice] 1#1: start worker process 10
2024/07/14 19:57:08 [notice] 1#1: start worker process 11
2024/07/14 19:57:08 [notice] 1#1: start worker process 12
2024/07/14 19:57:08 [notice] 1#1: start worker process 13
2024/07/14 19:57:08 [notice] 1#1: start worker process 14
2024/07/14 19:57:40 [error] 7#7: *1 "/etc/nginx/html/index.html" is not found (2: No such file or directory), client: 192.168.65.1, server: localhost, request: "GET / HTTP/1.1", host: "localhost:8080"
2024/07/14 19:57:41 [error] 7#7: *1 "/etc/nginx/html/index.html" is not found (2: No such file or directory), client: 192.168.65.1, server: localhost, request: "GET / HTTP/1.1", host: "localhost:8080"
2024/07/14 20:08:56 [error] 10#10: *3 "/etc/nginx/html/index.html" is not found (2: No such file or directory), client: 192.168.65.1, server: localhost, request: "GET / HTTP/1.1", host: "localhost:8080"
2024/07/14 20:08:56 [error] 10#10: *3 "/etc/nginx/html/index.html" is not found (2: No such file or directory), client: 192.168.65.1, server: localhost, request: "GET / HTTP/1.1", host: "localhost:8080"
2024/07/14 20:09:01 [error] 10#10: *3 open() "/etc/nginx/html/swagger-ui/index.html" failed (2: No such file or directory), client: 192.168.65.1, server: localhost, request: "GET /swagger-ui/index.html HTTP/1.1", host: "localhost:8080"
2024/07/14 20:09:04 [error] 10#10: *3 "/etc/nginx/html/swagger-ui/index.html" is not found (2: No such file or directory), client: 192.168.65.1, server: localhost, request: "GET /swagger-ui/ HTTP/1.1", host: "localhost:8080"
2024/07/14 20:09:08 [error] 10#10: *3 open() "/etc/nginx/html/swagger-ui" failed (2: No such file or directory), client: 192.168.65.1, server: localhost, request: "GET /swagger-ui HTTP/1.1", host: "localhost:8080"
2024/07/14 20:09:11 [notice] 1#1: signal 3 (SIGQUIT) received, shutting down
2024/07/14 20:09:11 [notice] 10#10: gracefully shutting down
2024/07/14 20:09:11 [notice] 7#7: gracefully shutting down
2024/07/14 20:09:11 [notice] 8#8: gracefully shutting down
2024/07/14 20:09:11 [notice] 13#13: gracefully shutting down
2024/07/14 20:09:11 [notice] 13#13: exiting
2024/07/14 20:09:11 [notice] 11#11: gracefully shutting down
2024/07/14 20:09:11 [notice] 11#11: exiting
2024/07/14 20:09:11 [notice] 9#9: gracefully shutting down
2024/07/14 20:09:11 [notice] 9#9: exiting
2024/07/14 20:09:11 [notice] 12#12: gracefully shutting down
2024/07/14 20:09:11 [notice] 14#14: gracefully shutting down
2024/07/14 20:09:11 [notice] 10#10: exiting
2024/07/14 20:09:11 [notice] 7#7: exiting
2024/07/14 20:09:11 [notice] 8#8: exiting
2024/07/14 20:09:11 [notice] 13#13: exit
2024/07/14 20:09:11 [notice] 11#11: exit
2024/07/14 20:09:11 [notice] 9#9: exit
2024/07/14 20:09:11 [notice] 14#14: exiting
2024/07/14 20:09:11 [notice] 10#10: exit
2024/07/14 20:09:11 [notice] 7#7: exit
2024/07/14 20:09:11 [notice] 8#8: exit
2024/07/14 20:09:11 [notice] 14#14: exit
2024/07/14 20:09:11 [notice] 1#1: signal 17 (SIGCHLD) received from 11
2024/07/14 20:09:11 [notice] 1#1: worker process 11 exited with code 0
2024/07/14 20:09:11 [notice] 1#1: signal 29 (SIGIO) received
2024/07/14 20:09:11 [notice] 1#1: signal 17 (SIGCHLD) received from 9
2024/07/14 20:09:11 [notice] 1#1: worker process 9 exited with code 0
2024/07/14 20:09:11 [notice] 1#1: worker process 13 exited with code 0
2024/07/14 20:09:11 [notice] 1#1: signal 29 (SIGIO) received
2024/07/14 20:09:11 [notice] 1#1: signal 17 (SIGCHLD) received from 10
2024/07/14 20:09:11 [notice] 1#1: worker process 10 exited with code 0
2024/07/14 20:09:11 [notice] 1#1: signal 29 (SIGIO) received
2024/07/14 20:09:11 [notice] 1#1: signal 17 (SIGCHLD) received from 14
2024/07/14 20:09:11 [notice] 1#1: worker process 7 exited with code 0
2024/07/14 20:09:11 [notice] 1#1: worker process 8 exited with code 0
2024/07/14 20:09:11 [notice] 1#1: worker process 14 exited with code 0
2024/07/14 20:09:11 [notice] 1#1: signal 29 (SIGIO) received
2024/07/14 20:09:11 [notice] 1#1: signal 17 (SIGCHLD) received from 8
